<?xml version="1.0" encoding="UTF-8"?>
<!-- Generated by org.testng.reporters.JUnitReportReporter -->
<testsuite hostname="DESKTOP-BJ5NU7R" failures="0" tests="6" name="Run_Feature11" time="42.537" errors="0" timestamp="2024-12-29T14:23:22 CET" skipped="0">
  <testcase classname="Run_Feature11" name="runScenario" time="8.601"/>
  <testcase classname="Run_Feature11" name="runScenario" time="6.653"/>
  <testcase classname="Run_Feature11" name="runScenario" time="7.006"/>
  <testcase classname="Run_Feature11" name="runScenario" time="6.532"/>
  <testcase classname="Run_Feature11" name="runScenario" time="6.423"/>
  <testcase classname="Run_Feature11" name="runScenario" time="7.322"/>
</testsuite> <!-- Run_Feature11 -->
