<?xml version="1.0" encoding="UTF-8"?>
<!-- Generated by org.testng.reporters.JUnitReportReporter -->
<testsuite hostname="DESKTOP-2QK8SP3" failures="0" tests="1" name="RunDressTest" time="12.731" errors="0" timestamp="2024-11-21T12:13:18 CET" skipped="0">
  <testcase classname="RunDressTest" name="runScenario" time="12.731"/>
</testsuite> <!-- RunDressTest -->
