<?xml version="1.0" encoding="UTF-8"?>
<!-- Generated by org.testng.reporters.JUnitReportReporter -->
<testsuite hostname="DESKTOP-BJ5NU7R" failures="0" tests="1" name="Run_Feature2" time="5.691" errors="0" timestamp="2024-12-20T17:13:48 CET" skipped="0">
  <testcase classname="Run_Feature2" name="runScenario" time="5.691"/>
</testsuite> <!-- Run_Feature2 -->
