<?xml version="1.0" encoding="UTF-8"?>
<!-- Generated by org.testng.reporters.JUnitReportReporter -->
<testsuite hostname="DESKTOP-BJ5NU7R" failures="0" tests="3" name="Run_Feature17" time="50.052" errors="0" timestamp="2024-12-29T19:32:29 CET" skipped="0">
  <testcase classname="Run_Feature17" name="runScenario" time="17.716"/>
  <testcase classname="Run_Feature17" name="runScenario" time="14.621"/>
  <testcase classname="Run_Feature17" name="runScenario" time="17.715"/>
</testsuite> <!-- Run_Feature17 -->
