<?xml version="1.0" encoding="UTF-8"?>
<!-- Generated by org.testng.reporters.JUnitReportReporter -->
<testsuite hostname="DESKTOP-BJ5NU7R" failures="0" tests="2" name="Run_Feature9" time="13.677" errors="0" timestamp="2024-12-25T20:50:11 CET" skipped="0">
  <testcase classname="Run_Feature9" name="runScenario" time="6.470"/>
  <testcase classname="Run_Feature9" name="runScenario" time="7.207"/>
</testsuite> <!-- Run_Feature9 -->
