<?xml version="1.0" encoding="UTF-8"?>
<!-- Generated by org.testng.reporters.JUnitReportReporter -->
<testsuite hostname="MININT-VK4UT2B" failures="0" tests="1" name="Run_Scenario1" time="15.380" errors="0" timestamp="2024-12-29T20:12:57 CET" skipped="0">
  <testcase classname="Run_Scenario1" name="runScenario" time="15.380"/>
</testsuite> <!-- Run_Scenario1 -->
