<?xml version="1.0" encoding="UTF-8"?>
<!-- Generated by org.testng.reporters.JUnitReportReporter -->
<testsuite hostname="DESKTOP-BJ5NU7R" failures="0" tests="2" name="Run_Feature16" time="11.477" errors="0" timestamp="2024-12-29T18:37:02 CET" skipped="0">
  <testcase classname="Run_Feature16" name="runScenario" time="5.533"/>
  <testcase classname="Run_Feature16" name="runScenario" time="5.944"/>
</testsuite> <!-- Run_Feature16 -->
