<?xml version="1.0" encoding="UTF-8"?>
<!-- Generated by org.testng.reporters.JUnitReportReporter -->
<testsuite hostname="DESKTOP-BJ5NU7R" failures="0" tests="1" name="Run_Feature07" time="18.703" errors="0" timestamp="2025-01-11T17:43:25 CET" skipped="0">
  <testcase classname="Run_Feature07" name="runScenario" time="18.703"/>
</testsuite> <!-- Run_Feature07 -->
