<?xml version="1.0" encoding="UTF-8"?>
<!-- Generated by org.testng.reporters.JUnitReportReporter -->
<testsuite hostname="DESKTOP-BJ5NU7R" failures="0" tests="7" name="Run_Feature13" time="64.470" errors="0" timestamp="2024-12-27T15:19:07 CET" skipped="0">
  <testcase classname="Run_Feature13" name="runScenario" time="10.135"/>
  <testcase classname="Run_Feature13" name="runScenario" time="8.363"/>
  <testcase classname="Run_Feature13" name="runScenario" time="9.194"/>
  <testcase classname="Run_Feature13" name="runScenario" time="8.117"/>
  <testcase classname="Run_Feature13" name="runScenario" time="9.820"/>
  <testcase classname="Run_Feature13" name="runScenario" time="9.405"/>
  <testcase classname="Run_Feature13" name="runScenario" time="9.436"/>
</testsuite> <!-- Run_Feature13 -->
