<?xml version="1.0" encoding="UTF-8"?>
<!-- Generated by org.testng.reporters.JUnitReportReporter -->
<testsuite hostname="DESKTOP-BJ5NU7R" failures="0" tests="4" name="Run_Feature11" time="28.783" errors="0" timestamp="2024-12-23T19:03:47 CET" skipped="0">
  <testcase classname="Run_Feature11" name="runScenario" time="7.678"/>
  <testcase classname="Run_Feature11" name="runScenario" time="6.938"/>
  <testcase classname="Run_Feature11" name="runScenario" time="6.889"/>
  <testcase classname="Run_Feature11" name="runScenario" time="7.278"/>
</testsuite> <!-- Run_Feature11 -->
