<?xml version="1.0" encoding="UTF-8"?>
<!-- Generated by org.testng.reporters.JUnitReportReporter -->
<testsuite hostname="MININT-VK4UT2B" failures="0" tests="2" name="Run_Scenario1" time="32.222" errors="0" timestamp="2025-01-04T13:22:40 CET" skipped="0">
  <testcase classname="Run_Scenario1" name="runScenario" time="12.600"/>
  <testcase classname="Run_Scenario1" name="runScenario" time="19.622"/>
</testsuite> <!-- Run_Scenario1 -->
