<?xml version="1.0" encoding="UTF-8"?>
<!-- Generated by org.testng.reporters.JUnitReportReporter -->
<testsuite hostname="DESKTOP-BJ5NU7R" failures="0" tests="2" name="Run_Feature9" time="9.659" errors="0" timestamp="2024-12-29T14:20:51 CET" skipped="0">
  <testcase classname="Run_Feature9" name="runScenario" time="5.553"/>
  <testcase classname="Run_Feature9" name="runScenario" time="4.106"/>
</testsuite> <!-- Run_Feature9 -->
