<?xml version="1.0" encoding="UTF-8"?>
<!-- Generated by org.testng.reporters.JUnitReportReporter -->
<testsuite hostname="DESKTOP-BJ5NU7R" failures="0" tests="6" name="Run_Feature10" time="22.494" errors="0" timestamp="2024-12-29T17:28:14 CET" skipped="0">
  <testcase classname="Run_Feature10" name="runScenario" time="3.110"/>
  <testcase classname="Run_Feature10" name="runScenario" time="3.103"/>
  <testcase classname="Run_Feature10" name="runScenario" time="6.554"/>
  <testcase classname="Run_Feature10" name="runScenario" time="3.224"/>
  <testcase classname="Run_Feature10" name="runScenario" time="3.249"/>
  <testcase classname="Run_Feature10" name="runScenario" time="3.254"/>
</testsuite> <!-- Run_Feature10 -->
