<?xml version="1.0" encoding="UTF-8"?>
<!-- Generated by org.testng.reporters.JUnitReportReporter -->
<testsuite hostname="DESKTOP-BJ5NU7R" failures="0" tests="6" name="Run_Feature14" time="46.740" errors="0" timestamp="2024-12-27T16:22:30 CET" skipped="0">
  <testcase classname="Run_Feature14" name="runScenario" time="7.630"/>
  <testcase classname="Run_Feature14" name="runScenario" time="7.972"/>
  <testcase classname="Run_Feature14" name="runScenario" time="7.464"/>
  <testcase classname="Run_Feature14" name="runScenario" time="7.718"/>
  <testcase classname="Run_Feature14" name="runScenario" time="8.400"/>
  <testcase classname="Run_Feature14" name="runScenario" time="7.556"/>
</testsuite> <!-- Run_Feature14 -->
