<?xml version="1.0" encoding="UTF-8"?>
<!-- Generated by org.testng.reporters.JUnitReportReporter -->
<testsuite hostname="DESKTOP-BJ5NU7R" failures="0" tests="6" name="Run_Feature11" time="118.067" errors="0" timestamp="2024-12-29T17:33:26 CET" skipped="0">
  <testcase classname="Run_Feature11" name="runScenario" time="41.992"/>
  <testcase classname="Run_Feature11" name="runScenario" time="53.345"/>
  <testcase classname="Run_Feature11" name="runScenario" time="5.687"/>
  <testcase classname="Run_Feature11" name="runScenario" time="5.343"/>
  <testcase classname="Run_Feature11" name="runScenario" time="5.369"/>
  <testcase classname="Run_Feature11" name="runScenario" time="6.331"/>
</testsuite> <!-- Run_Feature11 -->
