<?xml version="1.0" encoding="UTF-8"?>
<!-- Generated by org.testng.reporters.JUnitReportReporter -->
<testsuite hostname="DESKTOP-BJ5NU7R" failures="0" tests="8" name="Run_Feature15" time="48.594" errors="0" timestamp="2024-12-29T17:37:10 CET" skipped="0">
  <testcase classname="Run_Feature15" name="runScenario" time="7.217"/>
  <testcase classname="Run_Feature15" name="runScenario" time="6.297"/>
  <testcase classname="Run_Feature15" name="runScenario" time="5.331"/>
  <testcase classname="Run_Feature15" name="runScenario" time="6.184"/>
  <testcase classname="Run_Feature15" name="runScenario" time="6.622"/>
  <testcase classname="Run_Feature15" name="runScenario" time="5.176"/>
  <testcase classname="Run_Feature15" name="runScenario" time="6.628"/>
  <testcase classname="Run_Feature15" name="runScenario" time="5.139"/>
</testsuite> <!-- Run_Feature15 -->
