<?xml version="1.0" encoding="UTF-8"?>
<!-- Generated by org.testng.reporters.JUnitReportReporter -->
<testsuite hostname="DESKTOP-BJ5NU7R" failures="0" tests="6" name="Run_Feature11" time="47.945" errors="0" timestamp="2024-12-27T15:55:01 CET" skipped="0">
  <testcase classname="Run_Feature11" name="runScenario" time="8.692"/>
  <testcase classname="Run_Feature11" name="runScenario" time="7.679"/>
  <testcase classname="Run_Feature11" name="runScenario" time="7.870"/>
  <testcase classname="Run_Feature11" name="runScenario" time="8.312"/>
  <testcase classname="Run_Feature11" name="runScenario" time="7.632"/>
  <testcase classname="Run_Feature11" name="runScenario" time="7.760"/>
</testsuite> <!-- Run_Feature11 -->
