<?xml version="1.0" encoding="UTF-8"?>
<!-- Generated by org.testng.reporters.JUnitReportReporter -->
<testsuite hostname="DESKTOP-BJ5NU7R" failures="0" tests="2" name="Run_Feature9" time="8.019" errors="0" timestamp="2024-12-20T16:44:11 CET" skipped="0">
  <testcase classname="Run_Feature9" name="runScenario" time="4.324"/>
  <testcase classname="Run_Feature9" name="runScenario" time="3.695"/>
</testsuite> <!-- Run_Feature9 -->
