<?xml version="1.0" encoding="UTF-8"?>
<!-- Generated by org.testng.reporters.JUnitReportReporter -->
<testsuite hostname="DESKTOP-BJ5NU7R" failures="0" tests="6" name="Run_Feature10" time="25.235" errors="0" timestamp="2024-12-29T14:22:31 CET" skipped="0">
  <testcase classname="Run_Feature10" name="runScenario" time="3.629"/>
  <testcase classname="Run_Feature10" name="runScenario" time="4.477"/>
  <testcase classname="Run_Feature10" name="runScenario" time="5.440"/>
  <testcase classname="Run_Feature10" name="runScenario" time="3.891"/>
  <testcase classname="Run_Feature10" name="runScenario" time="4.083"/>
  <testcase classname="Run_Feature10" name="runScenario" time="3.715"/>
</testsuite> <!-- Run_Feature10 -->
