<?xml version="1.0" encoding="UTF-8"?>
<!-- Generated by org.testng.reporters.JUnitReportReporter -->
<testsuite hostname="DESKTOP-BJ5NU7R" failures="0" tests="6" name="Run_Feature14" time="28.843" errors="0" timestamp="2024-12-29T17:36:06 CET" skipped="0">
  <testcase classname="Run_Feature14" name="runScenario" time="4.142"/>
  <testcase classname="Run_Feature14" name="runScenario" time="4.424"/>
  <testcase classname="Run_Feature14" name="runScenario" time="4.320"/>
  <testcase classname="Run_Feature14" name="runScenario" time="4.800"/>
  <testcase classname="Run_Feature14" name="runScenario" time="6.611"/>
  <testcase classname="Run_Feature14" name="runScenario" time="4.546"/>
</testsuite> <!-- Run_Feature14 -->
