<?xml version="1.0" encoding="UTF-8"?>
<!-- Generated by org.testng.reporters.JUnitReportReporter -->
<testsuite hostname="DESKTOP-BJ5NU7R" failures="0" tests="2" name="Run_Feature9" time="8.640" errors="0" timestamp="2024-12-23T16:12:46 CET" skipped="0">
  <testcase classname="Run_Feature9" name="runScenario" time="4.644"/>
  <testcase classname="Run_Feature9" name="runScenario" time="3.996"/>
</testsuite> <!-- Run_Feature9 -->
