<?xml version="1.0" encoding="UTF-8"?>
<!-- Generated by org.testng.reporters.JUnitReportReporter -->
<testsuite hostname="DESKTOP-BJ5NU7R" failures="0" tests="39" name="RunAllFeatures" time="212.979" errors="0" timestamp="2024-12-29T17:57:50 CET" skipped="0">
  <testcase classname="RunAllFeatures" name="runScenario" time="3.854"/>
  <testcase classname="RunAllFeatures" name="runScenario" time="6.425"/>
  <testcase classname="RunAllFeatures" name="runScenario" time="4.424"/>
  <testcase classname="RunAllFeatures" name="runScenario" time="3.887"/>
  <testcase classname="RunAllFeatures" name="runScenario" time="4.213"/>
  <testcase classname="RunAllFeatures" name="runScenario" time="4.268"/>
  <testcase classname="RunAllFeatures" name="runScenario" time="5.643"/>
  <testcase classname="RunAllFeatures" name="runScenario" time="7.271"/>
  <testcase classname="RunAllFeatures" name="runScenario" time="5.700"/>
  <testcase classname="RunAllFeatures" name="runScenario" time="5.111"/>
  <testcase classname="RunAllFeatures" name="runScenario" time="6.097"/>
  <testcase classname="RunAllFeatures" name="runScenario" time="5.870"/>
  <testcase classname="RunAllFeatures" name="runScenario" time="5.032"/>
  <testcase classname="RunAllFeatures" name="runScenario" time="5.161"/>
  <testcase classname="RunAllFeatures" name="runScenario" time="4.478"/>
  <testcase classname="RunAllFeatures" name="runScenario" time="6.614"/>
  <testcase classname="RunAllFeatures" name="runScenario" time="6.537"/>
  <testcase classname="RunAllFeatures" name="runScenario" time="3.917"/>
  <testcase classname="RunAllFeatures" name="runScenario" time="3.952"/>
  <testcase classname="RunAllFeatures" name="runScenario" time="6.056"/>
  <testcase classname="RunAllFeatures" name="runScenario" time="8.686"/>
  <testcase classname="RunAllFeatures" name="runScenario" time="6.627"/>
  <testcase classname="RunAllFeatures" name="runScenario" time="6.709"/>
  <testcase classname="RunAllFeatures" name="runScenario" time="4.580"/>
  <testcase classname="RunAllFeatures" name="runScenario" time="3.824"/>
  <testcase classname="RunAllFeatures" name="runScenario" time="6.516"/>
  <testcase classname="RunAllFeatures" name="runScenario" time="5.331"/>
  <testcase classname="RunAllFeatures" name="runScenario" time="6.108"/>
  <testcase classname="RunAllFeatures" name="runScenario" time="7.392"/>
  <testcase classname="RunAllFeatures" name="runScenario" time="5.352"/>
  <testcase classname="RunAllFeatures" name="runScenario" time="3.825"/>
  <testcase classname="RunAllFeatures" name="runScenario" time="5.525"/>
  <testcase classname="RunAllFeatures" name="runScenario" time="3.993"/>
  <testcase classname="RunAllFeatures" name="runScenario" time="6.930"/>
  <testcase classname="RunAllFeatures" name="runScenario" time="6.624"/>
  <testcase classname="RunAllFeatures" name="runScenario" time="5.096"/>
  <testcase classname="RunAllFeatures" name="runScenario" time="5.284"/>
  <testcase classname="RunAllFeatures" name="runScenario" time="5.790"/>
  <testcase classname="RunAllFeatures" name="runScenario" time="4.277"/>
</testsuite> <!-- RunAllFeatures -->
