<?xml version="1.0" encoding="UTF-8"?>
<!-- Generated by org.testng.reporters.JUnitReportReporter -->
<testsuite hostname="DESKTOP-BJ5NU7R" failures="0" tests="7" name="Run_Feature13" time="65.914" errors="0" timestamp="2024-12-29T14:43:20 CET" skipped="0">
  <testcase classname="Run_Feature13" name="runScenario" time="9.992"/>
  <testcase classname="Run_Feature13" name="runScenario" time="7.019"/>
  <testcase classname="Run_Feature13" name="runScenario" time="10.177"/>
  <testcase classname="Run_Feature13" name="runScenario" time="13.246"/>
  <testcase classname="Run_Feature13" name="runScenario" time="9.963"/>
  <testcase classname="Run_Feature13" name="runScenario" time="8.444"/>
  <testcase classname="Run_Feature13" name="runScenario" time="7.073"/>
</testsuite> <!-- Run_Feature13 -->
