<?xml version="1.0" encoding="UTF-8"?>
<!-- Generated by org.testng.reporters.JUnitReportReporter -->
<testsuite hostname="DESKTOP-BJ5NU7R" failures="0" tests="41" name="RunAllFeatures" time="224.901" errors="0" timestamp="2024-12-29T18:35:48 CET" skipped="0">
  <testcase classname="RunAllFeatures" name="runScenario" time="6.054"/>
  <testcase classname="RunAllFeatures" name="runScenario" time="4.139"/>
  <testcase classname="RunAllFeatures" name="runScenario" time="5.391"/>
  <testcase classname="RunAllFeatures" name="runScenario" time="6.612"/>
  <testcase classname="RunAllFeatures" name="runScenario" time="5.347"/>
  <testcase classname="RunAllFeatures" name="runScenario" time="8.346"/>
  <testcase classname="RunAllFeatures" name="runScenario" time="6.976"/>
  <testcase classname="RunAllFeatures" name="runScenario" time="4.048"/>
  <testcase classname="RunAllFeatures" name="runScenario" time="5.801"/>
  <testcase classname="RunAllFeatures" name="runScenario" time="4.563"/>
  <testcase classname="RunAllFeatures" name="runScenario" time="6.656"/>
  <testcase classname="RunAllFeatures" name="runScenario" time="7.345"/>
  <testcase classname="RunAllFeatures" name="runScenario" time="7.265"/>
  <testcase classname="RunAllFeatures" name="runScenario" time="4.971"/>
  <testcase classname="RunAllFeatures" name="runScenario" time="6.509"/>
  <testcase classname="RunAllFeatures" name="runScenario" time="3.994"/>
  <testcase classname="RunAllFeatures" name="runScenario" time="3.983"/>
  <testcase classname="RunAllFeatures" name="runScenario" time="4.270"/>
  <testcase classname="RunAllFeatures" name="runScenario" time="4.054"/>
  <testcase classname="RunAllFeatures" name="runScenario" time="7.139"/>
  <testcase classname="RunAllFeatures" name="runScenario" time="5.338"/>
  <testcase classname="RunAllFeatures" name="runScenario" time="5.194"/>
  <testcase classname="RunAllFeatures" name="runScenario" time="6.125"/>
  <testcase classname="RunAllFeatures" name="runScenario" time="6.344"/>
  <testcase classname="RunAllFeatures" name="runScenario" time="5.870"/>
  <testcase classname="RunAllFeatures" name="runScenario" time="4.138"/>
  <testcase classname="RunAllFeatures" name="runScenario" time="6.524"/>
  <testcase classname="RunAllFeatures" name="runScenario" time="4.188"/>
  <testcase classname="RunAllFeatures" name="runScenario" time="5.307"/>
  <testcase classname="RunAllFeatures" name="runScenario" time="4.099"/>
  <testcase classname="RunAllFeatures" name="runScenario" time="6.907"/>
  <testcase classname="RunAllFeatures" name="runScenario" time="4.460"/>
  <testcase classname="RunAllFeatures" name="runScenario" time="3.953"/>
  <testcase classname="RunAllFeatures" name="runScenario" time="6.830"/>
  <testcase classname="RunAllFeatures" name="runScenario" time="5.381"/>
  <testcase classname="RunAllFeatures" name="runScenario" time="5.286"/>
  <testcase classname="RunAllFeatures" name="runScenario" time="5.234"/>
  <testcase classname="RunAllFeatures" name="runScenario" time="3.896"/>
  <testcase classname="RunAllFeatures" name="runScenario" time="5.063"/>
  <testcase classname="RunAllFeatures" name="runScenario" time="5.370"/>
  <testcase classname="RunAllFeatures" name="runScenario" time="5.931"/>
</testsuite> <!-- RunAllFeatures -->
