<?xml version="1.0" encoding="UTF-8"?>
<!-- Generated by org.testng.reporters.JUnitReportReporter -->
<testsuite hostname="DESKTOP-BJ5NU7R" failures="0" tests="2" name="Run_Feature9" time="7.961" errors="0" timestamp="2024-12-21T18:11:34 CET" skipped="0">
  <testcase classname="Run_Feature9" name="runScenario" time="3.448"/>
  <testcase classname="Run_Feature9" name="runScenario" time="4.513"/>
</testsuite> <!-- Run_Feature9 -->
