<?xml version="1.0" encoding="UTF-8"?>
<!-- Generated by org.testng.reporters.JUnitReportReporter -->
<testsuite hostname="DESKTOP-BJ5NU7R" failures="0" tests="4" name="Run_Feature11" time="35.606" errors="0" timestamp="2024-12-25T20:44:21 CET" skipped="0">
  <testcase classname="Run_Feature11" name="runScenario" time="9.429"/>
  <testcase classname="Run_Feature11" name="runScenario" time="9.174"/>
  <testcase classname="Run_Feature11" name="runScenario" time="8.810"/>
  <testcase classname="Run_Feature11" name="runScenario" time="8.193"/>
</testsuite> <!-- Run_Feature11 -->
