<?xml version="1.0" encoding="UTF-8"?>
<!-- Generated by org.testng.reporters.JUnitReportReporter -->
<testsuite hostname="MININT-VK4UT2B" failures="0" tests="2" name="Run_Scenario1" time="15.331" errors="0" timestamp="2024-12-28T12:40:34 CET" skipped="0">
  <testcase classname="Run_Scenario1" name="runScenario" time="8.263"/>
  <testcase classname="Run_Scenario1" name="runScenario" time="7.068"/>
</testsuite> <!-- Run_Scenario1 -->
