<?xml version="1.0" encoding="UTF-8"?>
<!-- Generated by org.testng.reporters.JUnitReportReporter -->
<testsuite hostname="DESKTOP-BJ5NU7R" failures="0" tests="6" name="Run_Feature13" time="58.540" errors="0" timestamp="2024-12-25T19:55:30 CET" skipped="0">
  <testcase classname="Run_Feature13" name="runScenario" time="11.765"/>
  <testcase classname="Run_Feature13" name="runScenario" time="8.401"/>
  <testcase classname="Run_Feature13" name="runScenario" time="9.731"/>
  <testcase classname="Run_Feature13" name="runScenario" time="8.146"/>
  <testcase classname="Run_Feature13" name="runScenario" time="10.845"/>
  <testcase classname="Run_Feature13" name="runScenario" time="9.652"/>
</testsuite> <!-- Run_Feature13 -->
