<?xml version="1.0" encoding="UTF-8"?>
<!-- Generated by org.testng.reporters.JUnitReportReporter -->
<testsuite hostname="DESKTOP-BJ5NU7R" failures="0" tests="3" name="Run_Feature12" time="28.767" errors="0" timestamp="2024-12-25T20:34:34 CET" skipped="0">
  <testcase classname="Run_Feature12" name="runScenario" time="8.587"/>
  <testcase classname="Run_Feature12" name="runScenario" time="9.962"/>
  <testcase classname="Run_Feature12" name="runScenario" time="10.218"/>
</testsuite> <!-- Run_Feature12 -->
