<?xml version="1.0" encoding="UTF-8"?>
<!-- Generated by org.testng.reporters.JUnitReportReporter -->
<testsuite hostname="DESKTOP-BJ5NU7R" failures="0" tests="6" name="Run_Feature14" time="31.539" errors="0" timestamp="2024-12-29T14:45:05 CET" skipped="0">
  <testcase classname="Run_Feature14" name="runScenario" time="4.679"/>
  <testcase classname="Run_Feature14" name="runScenario" time="6.356"/>
  <testcase classname="Run_Feature14" name="runScenario" time="5.021"/>
  <testcase classname="Run_Feature14" name="runScenario" time="4.818"/>
  <testcase classname="Run_Feature14" name="runScenario" time="5.907"/>
  <testcase classname="Run_Feature14" name="runScenario" time="4.758"/>
</testsuite> <!-- Run_Feature14 -->
