<?xml version="1.0" encoding="UTF-8"?>
<!-- Generated by org.testng.reporters.JUnitReportReporter -->
<testsuite hostname="DESKTOP-2QK8SP3" failures="0" tests="1" name="Run_Scenario1" time="6.736" errors="1" timestamp="2024-12-18T12:00:27 CET" skipped="0">
  <testcase classname="Run_Scenario1" name="runScenario" time="6.736">
    <error message="Compound class names not permitted
For documentation on this error, please visit: https://www.selenium.dev/documentation/webdriver/troubleshooting/errors#invalid-selector-exception
Build info: version: &#039;4.26.0&#039;, revision: &#039;8ccf0219d7&#039;
System info: os.name: &#039;Windows 10&#039;, os.arch: &#039;amd64&#039;, os.version: &#039;10.0&#039;, java.version: &#039;22.0.2&#039;
Driver info: driver.version: unknown" type="org.openqa.selenium.InvalidSelectorException">
      <![CDATA[org.openqa.selenium.InvalidSelectorException: Compound class names not permitted
For documentation on this error, please visit: https://www.selenium.dev/documentation/webdriver/troubleshooting/errors#invalid-selector-exception
Build info: version: '4.26.0', revision: '8ccf0219d7'
System info: os.name: 'Windows 10', os.arch: 'amd64', os.version: '10.0', java.version: '22.0.2'
Driver info: driver.version: unknown
at org.openqa.selenium.By$ByClassName.<init>(By.java:309)
at org.openqa.selenium.By.className(By.java:100)
at steps.Steps_Scenario1.TheUserClicksOnTheContinueButton(Steps_Scenario1.java:47)
at âœ½.the user clicks on the continue button(file:///C:/Users/Javi/eclipse-workspace/Performance%20Testing/src/test/java/features/F1.feature:14)
]]>
    </error>
  </testcase> <!-- runScenario -->
</testsuite> <!-- Run_Scenario1 -->
