<?xml version="1.0" encoding="UTF-8"?>
<!-- Generated by org.testng.reporters.JUnitReportReporter -->
<testsuite hostname="DESKTOP-BJ5NU7R" failures="0" tests="7" name="Run_Feature13" time="50.155" errors="0" timestamp="2024-12-29T17:35:24 CET" skipped="0">
  <testcase classname="Run_Feature13" name="runScenario" time="8.687"/>
  <testcase classname="Run_Feature13" name="runScenario" time="5.652"/>
  <testcase classname="Run_Feature13" name="runScenario" time="7.635"/>
  <testcase classname="Run_Feature13" name="runScenario" time="7.918"/>
  <testcase classname="Run_Feature13" name="runScenario" time="7.893"/>
  <testcase classname="Run_Feature13" name="runScenario" time="5.301"/>
  <testcase classname="Run_Feature13" name="runScenario" time="7.069"/>
</testsuite> <!-- Run_Feature13 -->
