<?xml version="1.0" encoding="UTF-8"?>
<!-- Generated by org.testng.reporters.JUnitReportReporter -->
<testsuite hostname="DESKTOP-BJ5NU7R" failures="0" tests="44" name="RunAllFeatures" time="231.325" errors="0" timestamp="2024-12-29T20:08:32 CET" skipped="0">
  <testcase classname="RunAllFeatures" name="runScenario" time="5.441"/>
  <testcase classname="RunAllFeatures" name="runScenario" time="3.730"/>
  <testcase classname="RunAllFeatures" name="runScenario" time="12.473"/>
  <testcase classname="RunAllFeatures" name="runScenario" time="4.926"/>
  <testcase classname="RunAllFeatures" name="runScenario" time="5.331"/>
  <testcase classname="RunAllFeatures" name="runScenario" time="4.473"/>
  <testcase classname="RunAllFeatures" name="runScenario" time="5.508"/>
  <testcase classname="RunAllFeatures" name="runScenario" time="3.307"/>
  <testcase classname="RunAllFeatures" name="runScenario" time="5.645"/>
  <testcase classname="RunAllFeatures" name="runScenario" time="9.573"/>
  <testcase classname="RunAllFeatures" name="runScenario" time="6.265"/>
  <testcase classname="RunAllFeatures" name="runScenario" time="3.260"/>
  <testcase classname="RunAllFeatures" name="runScenario" time="5.621"/>
  <testcase classname="RunAllFeatures" name="runScenario" time="3.275"/>
  <testcase classname="RunAllFeatures" name="runScenario" time="3.548"/>
  <testcase classname="RunAllFeatures" name="runScenario" time="4.718"/>
  <testcase classname="RunAllFeatures" name="runScenario" time="3.340"/>
  <testcase classname="RunAllFeatures" name="runScenario" time="4.044"/>
  <testcase classname="RunAllFeatures" name="runScenario" time="6.243"/>
  <testcase classname="RunAllFeatures" name="runScenario" time="3.260"/>
  <testcase classname="RunAllFeatures" name="runScenario" time="6.068"/>
  <testcase classname="RunAllFeatures" name="runScenario" time="6.316"/>
  <testcase classname="RunAllFeatures" name="runScenario" time="5.121"/>
  <testcase classname="RunAllFeatures" name="runScenario" time="4.721"/>
  <testcase classname="RunAllFeatures" name="runScenario" time="5.218"/>
  <testcase classname="RunAllFeatures" name="runScenario" time="5.003"/>
  <testcase classname="RunAllFeatures" name="runScenario" time="6.325"/>
  <testcase classname="RunAllFeatures" name="runScenario" time="4.904"/>
  <testcase classname="RunAllFeatures" name="runScenario" time="3.524"/>
  <testcase classname="RunAllFeatures" name="runScenario" time="3.371"/>
  <testcase classname="RunAllFeatures" name="runScenario" time="5.918"/>
  <testcase classname="RunAllFeatures" name="runScenario" time="7.979"/>
  <testcase classname="RunAllFeatures" name="runScenario" time="6.853"/>
  <testcase classname="RunAllFeatures" name="runScenario" time="5.531"/>
  <testcase classname="RunAllFeatures" name="runScenario" time="5.361"/>
  <testcase classname="RunAllFeatures" name="runScenario" time="6.285"/>
  <testcase classname="RunAllFeatures" name="runScenario" time="3.740"/>
  <testcase classname="RunAllFeatures" name="runScenario" time="5.370"/>
  <testcase classname="RunAllFeatures" name="runScenario" time="5.896"/>
  <testcase classname="RunAllFeatures" name="runScenario" time="5.659"/>
  <testcase classname="RunAllFeatures" name="runScenario" time="3.394"/>
  <testcase classname="RunAllFeatures" name="runScenario" time="4.869"/>
  <testcase classname="RunAllFeatures" name="runScenario" time="5.146"/>
  <testcase classname="RunAllFeatures" name="runScenario" time="4.772"/>
</testsuite> <!-- RunAllFeatures -->
