<?xml version="1.0" encoding="UTF-8"?>
<!-- Generated by org.testng.reporters.JUnitReportReporter -->
<testsuite hostname="DESKTOP-BJ5NU7R" failures="0" tests="4" name="Run_Feature12" time="28.210" errors="0" timestamp="2024-12-29T17:34:23 CET" skipped="0">
  <testcase classname="Run_Feature12" name="runScenario" time="8.418"/>
  <testcase classname="Run_Feature12" name="runScenario" time="6.051"/>
  <testcase classname="Run_Feature12" name="runScenario" time="6.536"/>
  <testcase classname="Run_Feature12" name="runScenario" time="7.205"/>
</testsuite> <!-- Run_Feature12 -->
