<?xml version="1.0" encoding="UTF-8"?>
<!-- Generated by org.testng.reporters.JUnitReportReporter -->
<testsuite hostname="DESKTOP-BJ5NU7R" failures="0" tests="4" name="Run_Feature12" time="36.447" errors="0" timestamp="2024-12-27T15:43:26 CET" skipped="0">
  <testcase classname="Run_Feature12" name="runScenario" time="9.484"/>
  <testcase classname="Run_Feature12" name="runScenario" time="9.446"/>
  <testcase classname="Run_Feature12" name="runScenario" time="8.635"/>
  <testcase classname="Run_Feature12" name="runScenario" time="8.882"/>
</testsuite> <!-- Run_Feature12 -->
