<?xml version="1.0" encoding="UTF-8"?>
<!-- Generated by org.testng.reporters.JUnitReportReporter -->
<testsuite hostname="DESKTOP-BJ5NU7R" failures="0" tests="3" name="Run_Feature12" time="24.634" errors="0" timestamp="2024-12-23T19:25:40 CET" skipped="0">
  <testcase classname="Run_Feature12" name="runScenario" time="8.635"/>
  <testcase classname="Run_Feature12" name="runScenario" time="7.827"/>
  <testcase classname="Run_Feature12" name="runScenario" time="8.172"/>
</testsuite> <!-- Run_Feature12 -->
