<?xml version="1.0" encoding="UTF-8"?>
<!-- Generated by org.testng.reporters.JUnitReportReporter -->
<testsuite hostname="DESKTOP-BJ5NU7R" failures="0" tests="2" name="Run_Feature9" time="7.363" errors="0" timestamp="2024-12-29T17:31:17 CET" skipped="0">
  <testcase classname="Run_Feature9" name="runScenario" time="4.020"/>
  <testcase classname="Run_Feature9" name="runScenario" time="3.343"/>
</testsuite> <!-- Run_Feature9 -->
