<?xml version="1.0" encoding="UTF-8"?>
<!-- Generated by org.testng.reporters.JUnitReportReporter -->
<testsuite hostname="DESKTOP-BJ5NU7R" failures="0" tests="2" name="Run_Feature08" time="28.526" errors="0" timestamp="2025-01-11T17:45:14 CET" skipped="0">
  <testcase classname="Run_Feature08" name="runScenario" time="11.108"/>
  <testcase classname="Run_Feature08" name="runScenario" time="17.418"/>
</testsuite> <!-- Run_Feature08 -->
