<?xml version="1.0" encoding="UTF-8"?>
<!-- Generated by org.testng.reporters.JUnitReportReporter -->
<testsuite hostname="DESKTOP-BJ5NU7R" failures="0" tests="5" name="Run_Feature03" time="45.260" errors="0" timestamp="2025-01-11T17:34:36 CET" skipped="0">
  <testcase classname="Run_Feature03" name="runScenario" time="8.178"/>
  <testcase classname="Run_Feature03" name="runScenario" time="12.902"/>
  <testcase classname="Run_Feature03" name="runScenario" time="6.094"/>
  <testcase classname="Run_Feature03" name="runScenario" time="6.866"/>
  <testcase classname="Run_Feature03" name="runScenario" time="11.220"/>
</testsuite> <!-- Run_Feature03 -->
