<?xml version="1.0" encoding="UTF-8"?>
<!-- Generated by org.testng.reporters.JUnitReportReporter -->
<testsuite hostname="DESKTOP-BJ5NU7R" failures="0" tests="4" name="Run_Feature12" time="35.272" errors="0" timestamp="2024-12-29T14:24:09 CET" skipped="0">
  <testcase classname="Run_Feature12" name="runScenario" time="9.061"/>
  <testcase classname="Run_Feature12" name="runScenario" time="9.955"/>
  <testcase classname="Run_Feature12" name="runScenario" time="8.675"/>
  <testcase classname="Run_Feature12" name="runScenario" time="7.581"/>
</testsuite> <!-- Run_Feature12 -->
