<?xml version="1.0" encoding="UTF-8"?>
<!-- Generated by org.testng.reporters.JUnitReportReporter -->
<testsuite hostname="MININT-VK4UT2B" failures="0" tests="3" name="Run_Scenario1" time="15.843" errors="0" timestamp="2025-01-07T11:12:28 CET" skipped="0">
  <testcase classname="Run_Scenario1" name="runScenario" time="5.913"/>
  <testcase classname="Run_Scenario1" name="runScenario" time="5.028"/>
  <testcase classname="Run_Scenario1" name="runScenario" time="4.902"/>
</testsuite> <!-- Run_Scenario1 -->
