<?xml version="1.0" encoding="UTF-8"?>
<!-- Generated by org.testng.reporters.JUnitReportReporter -->
<testsuite hostname="DESKTOP-BJ5NU7R" failures="0" tests="7" name="Run_Feature13" time="43.455" errors="0" timestamp="2024-12-29T20:04:30 CET" skipped="0">
  <testcase classname="Run_Feature13" name="runScenario" time="5.248"/>
  <testcase classname="Run_Feature13" name="runScenario" time="6.504"/>
  <testcase classname="Run_Feature13" name="runScenario" time="6.771"/>
  <testcase classname="Run_Feature13" name="runScenario" time="6.834"/>
  <testcase classname="Run_Feature13" name="runScenario" time="6.768"/>
  <testcase classname="Run_Feature13" name="runScenario" time="6.277"/>
  <testcase classname="Run_Feature13" name="runScenario" time="5.053"/>
</testsuite> <!-- Run_Feature13 -->
