<?xml version="1.0" encoding="UTF-8"?>
<!-- Generated by org.testng.reporters.JUnitReportReporter -->
<testsuite hostname="MININT-VK4UT2B" failures="0" tests="1" name="Run_Scenario1" time="10.473" errors="0" timestamp="2025-01-01T19:26:30 CET" skipped="0">
  <testcase classname="Run_Scenario1" name="runScenario" time="10.473"/>
</testsuite> <!-- Run_Scenario1 -->
