<?xml version="1.0" encoding="UTF-8"?>
<!-- Generated by org.testng.reporters.JUnitReportReporter -->
<testsuite hostname="DESKTOP-BJ5NU7R" failures="0" tests="6" name="Run_Feature10" time="24.785" errors="0" timestamp="2024-12-23T16:11:58 CET" skipped="0">
  <testcase classname="Run_Feature10" name="runScenario" time="4.022"/>
  <testcase classname="Run_Feature10" name="runScenario" time="4.238"/>
  <testcase classname="Run_Feature10" name="runScenario" time="4.471"/>
  <testcase classname="Run_Feature10" name="runScenario" time="4.111"/>
  <testcase classname="Run_Feature10" name="runScenario" time="3.966"/>
  <testcase classname="Run_Feature10" name="runScenario" time="3.977"/>
</testsuite> <!-- Run_Feature10 -->
