<?xml version="1.0" encoding="UTF-8"?>
<!-- Generated by org.testng.reporters.JUnitReportReporter -->
<testsuite hostname="DESKTOP-BJ5NU7R" failures="0" tests="8" name="Run_Feature15" time="117.012" errors="0" timestamp="2024-12-29T14:11:36 CET" skipped="0">
  <testcase classname="Run_Feature15" name="runScenario" time="13.738"/>
  <testcase classname="Run_Feature15" name="runScenario" time="14.871"/>
  <testcase classname="Run_Feature15" name="runScenario" time="14.361"/>
  <testcase classname="Run_Feature15" name="runScenario" time="14.316"/>
  <testcase classname="Run_Feature15" name="runScenario" time="17.386"/>
  <testcase classname="Run_Feature15" name="runScenario" time="12.976"/>
  <testcase classname="Run_Feature15" name="runScenario" time="15.081"/>
  <testcase classname="Run_Feature15" name="runScenario" time="14.283"/>
</testsuite> <!-- Run_Feature15 -->
