<?xml version="1.0" encoding="UTF-8"?>
<!-- Generated by org.testng.reporters.JUnitReportReporter -->
<testsuite hostname="DESKTOP-BJ5NU7R" failures="0" tests="6" name="Run_Feature13" time="51.413" errors="0" timestamp="2024-12-24T17:31:45 CET" skipped="0">
  <testcase classname="Run_Feature13" name="runScenario" time="7.758"/>
  <testcase classname="Run_Feature13" name="runScenario" time="7.574"/>
  <testcase classname="Run_Feature13" name="runScenario" time="8.815"/>
  <testcase classname="Run_Feature13" name="runScenario" time="8.683"/>
  <testcase classname="Run_Feature13" name="runScenario" time="9.239"/>
  <testcase classname="Run_Feature13" name="runScenario" time="9.344"/>
</testsuite> <!-- Run_Feature13 -->
