<?xml version="1.0" encoding="UTF-8"?>
<!-- Generated by org.testng.reporters.JUnitReportReporter -->
<testsuite hostname="DESKTOP-BJ5NU7R" failures="0" tests="8" name="Run_Feature15" time="54.238" errors="0" timestamp="2024-12-29T14:21:55 CET" skipped="0">
  <testcase classname="Run_Feature15" name="runScenario" time="7.837"/>
  <testcase classname="Run_Feature15" name="runScenario" time="6.151"/>
  <testcase classname="Run_Feature15" name="runScenario" time="7.877"/>
  <testcase classname="Run_Feature15" name="runScenario" time="5.984"/>
  <testcase classname="Run_Feature15" name="runScenario" time="8.035"/>
  <testcase classname="Run_Feature15" name="runScenario" time="5.563"/>
  <testcase classname="Run_Feature15" name="runScenario" time="6.564"/>
  <testcase classname="Run_Feature15" name="runScenario" time="6.227"/>
</testsuite> <!-- Run_Feature15 -->
