<?xml version="1.0" encoding="UTF-8"?>
<!-- Generated by org.testng.reporters.JUnitReportReporter -->
<testsuite hostname="MININT-VK4UT2B" failures="0" tests="1" name="Run_Scenario1" time="11.301" errors="0" timestamp="2024-12-28T11:55:42 CET" skipped="0">
  <testcase classname="Run_Scenario1" name="runScenario" time="11.301"/>
</testsuite> <!-- Run_Scenario1 -->
